<?xml version="1.0" encoding="UTF-8"?>
<testsuite name="sylwiamolitor.restservice.SapApplicationTests" tests="21" skipped="0" failures="0" errors="0" timestamp="2021-05-09T14:31:22" hostname="SYLWIAPC" time="0.712">
  <properties/>
  <testcase name="[1] input=1, output=1" classname="sylwiamolitor.restservice.SapApplicationTests" time="0.519"/>
  <testcase name="[2] input=55, output=110111" classname="sylwiamolitor.restservice.SapApplicationTests" time="0.005"/>
  <testcase name="[3] input=1024, output=10000000000" classname="sylwiamolitor.restservice.SapApplicationTests" time="0.006"/>
  <testcase name="[4] input=abc, output=0" classname="sylwiamolitor.restservice.SapApplicationTests" time="0.007"/>
  <testcase name="[5] input=-1, output=0" classname="sylwiamolitor.restservice.SapApplicationTests" time="0.007"/>
  <testcase name="[1] input=1, output=0" classname="sylwiamolitor.restservice.SapApplicationTests" time="0.006"/>
  <testcase name="[2] input=55, output=10" classname="sylwiamolitor.restservice.SapApplicationTests" time="0.006"/>
  <testcase name="[3] input=102, output=31" classname="sylwiamolitor.restservice.SapApplicationTests" time="0.007"/>
  <testcase name="[4] input=abc, output=0" classname="sylwiamolitor.restservice.SapApplicationTests" time="0.009"/>
  <testcase name="[5] input=-1, output=0" classname="sylwiamolitor.restservice.SapApplicationTests" time="0.012"/>
  <testcase name="[1] input=1, output=1" classname="sylwiamolitor.restservice.SapApplicationTests" time="0.006"/>
  <testcase name="[2] input=55, output=3b" classname="sylwiamolitor.restservice.SapApplicationTests" time="0.006"/>
  <testcase name="[3] input=102, output=33" classname="sylwiamolitor.restservice.SapApplicationTests" time="0.006"/>
  <testcase name="[4] input=abc, output=0" classname="sylwiamolitor.restservice.SapApplicationTests" time="0.006"/>
  <testcase name="[5] input=-1, output=0" classname="sylwiamolitor.restservice.SapApplicationTests" time="0.009"/>
  <testcase name="[1] input=1, output=1" classname="sylwiamolitor.restservice.SapApplicationTests" time="0.007"/>
  <testcase name="[2] input=55, output=62" classname="sylwiamolitor.restservice.SapApplicationTests" time="0.006"/>
  <testcase name="[3] input=102, output=120" classname="sylwiamolitor.restservice.SapApplicationTests" time="0.004"/>
  <testcase name="[4] input=abc, output=0" classname="sylwiamolitor.restservice.SapApplicationTests" time="0.004"/>
  <testcase name="[5] input=-1, output=0" classname="sylwiamolitor.restservice.SapApplicationTests" time="0.005"/>
  <testcase name="contextLoads()" classname="sylwiamolitor.restservice.SapApplicationTests" time="0.005"/>
  <system-out><![CDATA[16:31:17.793 [Test worker] DEBUG org.springframework.test.context.BootstrapUtils - Instantiating CacheAwareContextLoaderDelegate from class [org.springframework.test.context.cache.DefaultCacheAwareContextLoaderDelegate]
16:31:17.807 [Test worker] DEBUG org.springframework.test.context.BootstrapUtils - Instantiating BootstrapContext using constructor [public org.springframework.test.context.support.DefaultBootstrapContext(java.lang.Class,org.springframework.test.context.CacheAwareContextLoaderDelegate)]
16:31:17.851 [Test worker] DEBUG org.springframework.test.context.BootstrapUtils - Instantiating TestContextBootstrapper for test class [sylwiamolitor.restservice.SapApplicationTests] from class [org.springframework.boot.test.context.SpringBootTestContextBootstrapper]
16:31:17.864 [Test worker] INFO org.springframework.boot.test.context.SpringBootTestContextBootstrapper - Neither @ContextConfiguration nor @ContextHierarchy found for test class [sylwiamolitor.restservice.SapApplicationTests], using SpringBootContextLoader
16:31:17.870 [Test worker] DEBUG org.springframework.test.context.support.AbstractContextLoader - Did not detect default resource location for test class [sylwiamolitor.restservice.SapApplicationTests]: class path resource [sylwiamolitor/restservice/SapApplicationTests-context.xml] does not exist
16:31:17.870 [Test worker] DEBUG org.springframework.test.context.support.AbstractContextLoader - Did not detect default resource location for test class [sylwiamolitor.restservice.SapApplicationTests]: class path resource [sylwiamolitor/restservice/SapApplicationTestsContext.groovy] does not exist
16:31:17.871 [Test worker] INFO org.springframework.test.context.support.AbstractContextLoader - Could not detect default resource locations for test class [sylwiamolitor.restservice.SapApplicationTests]: no resource found for suffixes {-context.xml, Context.groovy}.
16:31:17.871 [Test worker] INFO org.springframework.test.context.support.AnnotationConfigContextLoaderUtils - Could not detect default configuration classes for test class [sylwiamolitor.restservice.SapApplicationTests]: SapApplicationTests does not declare any static, non-private, non-final, nested classes annotated with @Configuration.
16:31:17.928 [Test worker] DEBUG org.springframework.test.context.support.ActiveProfilesUtils - Could not find an 'annotation declaring class' for annotation type [org.springframework.test.context.ActiveProfiles] and class [sylwiamolitor.restservice.SapApplicationTests]
16:31:18.020 [Test worker] DEBUG org.springframework.context.annotation.ClassPathScanningCandidateComponentProvider - Identified candidate component class: file [C:\Users\STUDENT\Downloads\sap2\Nowy folder\rest-service\build\classes\java\main\sylwiamolitor\restservice\SapApplication.class]
16:31:18.021 [Test worker] INFO org.springframework.boot.test.context.SpringBootTestContextBootstrapper - Found @SpringBootConfiguration sylwiamolitor.restservice.SapApplication for test class sylwiamolitor.restservice.SapApplicationTests
16:31:18.133 [Test worker] DEBUG org.springframework.boot.test.context.SpringBootTestContextBootstrapper - @TestExecutionListeners is not present for class [sylwiamolitor.restservice.SapApplicationTests]: using defaults.
16:31:18.133 [Test worker] INFO org.springframework.boot.test.context.SpringBootTestContextBootstrapper - Loaded default TestExecutionListener class names from location [META-INF/spring.factories]: [org.springframework.boot.test.autoconfigure.restdocs.RestDocsTestExecutionListener, org.springframework.boot.test.autoconfigure.web.client.MockRestServiceServerResetTestExecutionListener, org.springframework.boot.test.autoconfigure.web.servlet.MockMvcPrintOnlyOnFailureTestExecutionListener, org.springframework.boot.test.autoconfigure.web.servlet.WebDriverTestExecutionListener, org.springframework.boot.test.autoconfigure.webservices.client.MockWebServiceServerTestExecutionListener, org.springframework.boot.test.mock.mockito.MockitoTestExecutionListener, org.springframework.boot.test.mock.mockito.ResetMocksTestExecutionListener, org.springframework.test.context.web.ServletTestExecutionListener, org.springframework.test.context.support.DirtiesContextBeforeModesTestExecutionListener, org.springframework.test.context.event.ApplicationEventsTestExecutionListener, org.springframework.test.context.support.DependencyInjectionTestExecutionListener, org.springframework.test.context.support.DirtiesContextTestExecutionListener, org.springframework.test.context.transaction.TransactionalTestExecutionListener, org.springframework.test.context.jdbc.SqlScriptsTestExecutionListener, org.springframework.test.context.event.EventPublishingTestExecutionListener]
16:31:18.150 [Test worker] DEBUG org.springframework.boot.test.context.SpringBootTestContextBootstrapper - Skipping candidate TestExecutionListener [org.springframework.test.context.transaction.TransactionalTestExecutionListener] due to a missing dependency. Specify custom listener classes or make the default listener classes and their required dependencies available. Offending class: [org/springframework/transaction/interceptor/TransactionAttributeSource]
16:31:18.151 [Test worker] DEBUG org.springframework.boot.test.context.SpringBootTestContextBootstrapper - Skipping candidate TestExecutionListener [org.springframework.test.context.jdbc.SqlScriptsTestExecutionListener] due to a missing dependency. Specify custom listener classes or make the default listener classes and their required dependencies available. Offending class: [org/springframework/transaction/interceptor/TransactionAttribute]
16:31:18.151 [Test worker] INFO org.springframework.boot.test.context.SpringBootTestContextBootstrapper - Using TestExecutionListeners: [org.springframework.test.context.web.ServletTestExecutionListener@30240ca1, org.springframework.test.context.support.DirtiesContextBeforeModesTestExecutionListener@59088f76, org.springframework.test.context.event.ApplicationEventsTestExecutionListener@59b3750e, org.springframework.boot.test.mock.mockito.MockitoTestExecutionListener@2f50e71f, org.springframework.boot.test.autoconfigure.SpringBootDependencyInjectionTestExecutionListener@3f01b750, org.springframework.test.context.support.DirtiesContextTestExecutionListener@22efecf9, org.springframework.test.context.event.EventPublishingTestExecutionListener@60b6f6af, org.springframework.boot.test.autoconfigure.restdocs.RestDocsTestExecutionListener@48f68db9, org.springframework.boot.test.autoconfigure.web.client.MockRestServiceServerResetTestExecutionListener@7aff08c0, org.springframework.boot.test.autoconfigure.web.servlet.MockMvcPrintOnlyOnFailureTestExecutionListener@272abb42, org.springframework.boot.test.autoconfigure.web.servlet.WebDriverTestExecutionListener@70fe2286, org.springframework.boot.test.autoconfigure.webservices.client.MockWebServiceServerTestExecutionListener@c99f265, org.springframework.boot.test.mock.mockito.ResetMocksTestExecutionListener@e22523e]
16:31:18.160 [Test worker] DEBUG org.springframework.test.context.support.AbstractDirtiesContextTestExecutionListener - Before test class: context [DefaultTestContext@7486b3d0 testClass = SapApplicationTests, testInstance = [null], testMethod = [null], testException = [null], mergedContextConfiguration = [WebMergedContextConfiguration@244a6b70 testClass = SapApplicationTests, locations = '{}', classes = '{class sylwiamolitor.restservice.SapApplication}', contextInitializerClasses = '[]', activeProfiles = '{}', propertySourceLocations = '{}', propertySourceProperties = '{org.springframework.boot.test.context.SpringBootTestContextBootstrapper=true}', contextCustomizers = set[org.springframework.boot.test.autoconfigure.actuate.metrics.MetricsExportContextCustomizerFactory$DisableMetricExportContextCustomizer@586b545, org.springframework.boot.test.autoconfigure.properties.PropertyMappingContextCustomizer@0, org.springframework.boot.test.autoconfigure.web.servlet.WebDriverContextCustomizerFactory$Customizer@33a18da8, org.springframework.boot.test.context.filter.ExcludeFilterContextCustomizer@24ac03cc, org.springframework.boot.test.json.DuplicateJsonObjectContextCustomizerFactory$DuplicateJsonObjectContextCustomizer@905cd8e, org.springframework.boot.test.mock.mockito.MockitoContextCustomizer@0, org.springframework.boot.test.web.client.TestRestTemplateContextCustomizer@4bfc3525, org.springframework.boot.test.context.SpringBootTestArgs@1, org.springframework.boot.test.context.SpringBootTestWebEnvironment@d7e1d07], resourceBasePath = 'src/main/webapp', contextLoader = 'org.springframework.boot.test.context.SpringBootContextLoader', parent = [null]], attributes = map['org.springframework.test.context.web.ServletTestExecutionListener.activateListener' -> true]], class annotated with @DirtiesContext [false] with mode [null].
16:31:18.227 [Test worker] DEBUG org.springframework.test.context.support.TestPropertySourceUtils - Adding inlined properties to environment: {spring.jmx.enabled=false, org.springframework.boot.test.context.SpringBootTestContextBootstrapper=true}

  .   ____          _            __ _ _
 /\\ / ___'_ __ _ _(_)_ __  __ _ \ \ \ \
( ( )\___ | '_ | '_| | '_ \/ _` | \ \ \ \
 \\/  ___)| |_)| | | | | || (_| |  ) ) ) )
  '  |____| .__|_| |_|_| |_\__, | / / / /
 =========|_|==============|___/=/_/_/_/
 :: Spring Boot ::                (v2.4.5)

2021-05-09 16:31:18.519  INFO 8756 --- [    Test worker] s.restservice.SapApplicationTests        : Starting SapApplicationTests using Java 11.0.8 on SYLWIAPC with PID 8756 (started by STUDENT in C:\Users\STUDENT\Downloads\sap2\Nowy folder\rest-service)
2021-05-09 16:31:18.524  INFO 8756 --- [    Test worker] s.restservice.SapApplicationTests        : No active profile set, falling back to default profiles: default
2021-05-09 16:31:20.967  INFO 8756 --- [    Test worker] o.s.b.a.e.web.EndpointLinksResolver      : Exposing 2 endpoint(s) beneath base path '/actuator'
2021-05-09 16:31:21.201  INFO 8756 --- [    Test worker] pertySourcedRequestMappingHandlerMapping : Mapped URL path [/v2/api-docs] onto method [springfox.documentation.swagger2.web.Swagger2Controller#getDocumentation(String, HttpServletRequest)]
2021-05-09 16:31:21.550  INFO 8756 --- [    Test worker] o.s.s.concurrent.ThreadPoolTaskExecutor  : Initializing ExecutorService 'applicationTaskExecutor'
2021-05-09 16:31:21.912  INFO 8756 --- [    Test worker] d.s.w.p.DocumentationPluginsBootstrapper : Context refreshed
2021-05-09 16:31:21.942  INFO 8756 --- [    Test worker] d.s.w.p.DocumentationPluginsBootstrapper : Found 1 custom documentation plugin(s)
2021-05-09 16:31:21.982  INFO 8756 --- [    Test worker] s.d.s.w.s.ApiListingReferenceScanner     : Scanning for api listing references
2021-05-09 16:31:22.269  INFO 8756 --- [    Test worker] .d.s.w.r.o.CachingOperationNameGenerator : Generating unique operation named: handleUsingGET_1
2021-05-09 16:31:22.274  INFO 8756 --- [    Test worker] .d.s.w.r.o.CachingOperationNameGenerator : Generating unique operation named: handleUsingGET_2
2021-05-09 16:31:22.314  INFO 8756 --- [    Test worker] s.restservice.SapApplicationTests        : Started SapApplicationTests in 4.077 seconds (JVM running for 5.448)
]]></system-out>
  <system-err><![CDATA[]]></system-err>
</testsuite>
